2022-12-27 07:58:58.713  INFO 27348 --- [main] o.s.boot.SpringApplication               : Starting SpringApplication v2.6.7 using Java 19.0.1 on Farzana_Rahman with PID 27348 (C:\Users\farza\.m2\repository\org\springframework\boot\spring-boot\2.6.7\spring-boot-2.6.7.jar started by farza in E:\Courses\REST\user)
2022-12-27 07:58:58.723  INFO 27348 --- [main] o.s.boot.SpringApplication               : No active profile set, falling back to 1 default profile: "default"
2022-12-27 07:58:58.859 ERROR 27348 --- [main] o.s.boot.SpringApplication               : Application run failed

java.lang.IllegalArgumentException: Sources must not be empty
	at org.springframework.util.Assert.notEmpty(Assert.java:470) ~[spring-core-5.3.19.jar:5.3.19]
	at org.springframework.boot.SpringApplication.prepareContext(SpringApplication.java:406) ~[spring-boot-2.6.7.jar:2.6.7]
	at org.springframework.boot.SpringApplication.run(SpringApplication.java:302) ~[spring-boot-2.6.7.jar:2.6.7]
	at org.springframework.boot.SpringApplication.run(SpringApplication.java:1312) ~[spring-boot-2.6.7.jar:2.6.7]
	at org.springframework.boot.SpringApplication.main(SpringApplication.java:1328) ~[spring-boot-2.6.7.jar:2.6.7]

2022-12-27 08:00:46.931  INFO 19312 --- [main] com.springboot.user.UserApplication      : Starting UserApplication using Java 19.0.1 on Farzana_Rahman with PID 19312 (E:\Courses\REST\user\target\classes started by farza in E:\Courses\REST\user)
2022-12-27 08:00:46.933  INFO 19312 --- [main] com.springboot.user.UserApplication      : No active profile set, falling back to 1 default profile: "default"
2022-12-27 08:00:47.717  INFO 19312 --- [main] .s.d.r.c.RepositoryConfigurationDelegate : Bootstrapping Spring Data JDBC repositories in DEFAULT mode.
2022-12-27 08:00:47.741  INFO 19312 --- [main] .s.d.r.c.RepositoryConfigurationDelegate : Finished Spring Data repository scanning in 17 ms. Found 0 JDBC repository interfaces.
2022-12-27 08:00:48.246  INFO 19312 --- [main] o.s.b.w.embedded.tomcat.TomcatWebServer  : Tomcat initialized with port(s): 8080 (http)
2022-12-27 08:00:48.255  INFO 19312 --- [main] o.apache.catalina.core.StandardService   : Starting service [Tomcat]
2022-12-27 08:00:48.255  INFO 19312 --- [main] org.apache.catalina.core.StandardEngine  : Starting Servlet engine: [Apache Tomcat/9.0.62]
2022-12-27 08:00:48.371  INFO 19312 --- [main] o.a.c.c.C.[Tomcat].[localhost].[/]       : Initializing Spring embedded WebApplicationContext
2022-12-27 08:00:48.371  INFO 19312 --- [main] w.s.c.ServletWebServerApplicationContext : Root WebApplicationContext: initialization completed in 1370 ms
2022-12-27 08:00:48.947  INFO 19312 --- [main] o.s.s.web.DefaultSecurityFilterChain     : Will secure any request with [org.springframework.security.web.context.request.async.WebAsyncManagerIntegrationFilter@1216eb3f, org.springframework.security.web.context.SecurityContextPersistenceFilter@6afbe6a1, org.springframework.security.web.header.HeaderWriterFilter@734ce281, org.springframework.security.web.authentication.logout.LogoutFilter@54326e9, org.springframework.security.web.authentication.www.BasicAuthenticationFilter@69b3886f, org.springframework.security.web.savedrequest.RequestCacheAwareFilter@48567727, org.springframework.security.web.servletapi.SecurityContextHolderAwareRequestFilter@3c33fcf8, org.springframework.security.web.authentication.AnonymousAuthenticationFilter@59e7564b, org.springframework.security.web.session.SessionManagementFilter@18c880ea, org.springframework.security.web.access.ExceptionTranslationFilter@2776fd8f, org.springframework.security.web.access.intercept.FilterSecurityInterceptor@5ebbde60]
2022-12-27 08:00:49.165  INFO 19312 --- [main] com.zaxxer.hikari.HikariDataSource       : HikariPool-1 - Starting...
2022-12-27 08:00:49.169  WARN 19312 --- [main] com.zaxxer.hikari.util.DriverDataSource  : Registered driver with driverClassName=com.mysql.jdbc.Driver was not found, trying direct instantiation.
2022-12-27 08:00:49.432  INFO 19312 --- [main] com.zaxxer.hikari.HikariDataSource       : HikariPool-1 - Start completed.
2022-12-27 08:00:49.575  INFO 19312 --- [main] o.s.b.w.embedded.tomcat.TomcatWebServer  : Tomcat started on port(s): 8080 (http) with context path ''
2022-12-27 08:00:49.578  INFO 19312 --- [main] d.s.w.p.DocumentationPluginsBootstrapper : Context refreshed
2022-12-27 08:00:49.603  INFO 19312 --- [main] d.s.w.p.DocumentationPluginsBootstrapper : Found 1 custom documentation plugin(s)
2022-12-27 08:00:49.619  INFO 19312 --- [main] s.d.s.w.s.ApiListingReferenceScanner     : Scanning for api listing references
2022-12-27 08:00:49.764  INFO 19312 --- [main] com.springboot.user.UserApplication      : Started UserApplication in 3.161 seconds (JVM running for 3.848)
2022-12-27 08:02:40.217  INFO 19312 --- [http-nio-8080-exec-1] o.a.c.c.C.[Tomcat].[localhost].[/]       : Initializing Spring DispatcherServlet 'dispatcherServlet'
2022-12-27 08:02:40.218  INFO 19312 --- [http-nio-8080-exec-1] o.s.web.servlet.DispatcherServlet        : Initializing Servlet 'dispatcherServlet'
2022-12-27 08:02:40.221  INFO 19312 --- [http-nio-8080-exec-1] o.s.web.servlet.DispatcherServlet        : Completed initialization in 2 ms
2022-12-27 08:02:41.055  INFO 19312 --- [http-nio-8080-exec-1] c.s.user.controller.LoginControllerImpl  : LoginControllerImpl:validateUser validate user
2022-12-27 08:02:41.056  INFO 19312 --- [http-nio-8080-exec-1] c.s.user.service.LoginServiceImpl        : LoginServiceImpl:validateUser : 
2022-12-27 08:02:41.069  INFO 19312 --- [http-nio-8080-exec-1] com.springboot.user.dao.LoginDAOImpl     : LoginDAOmpl:validateUser : 
2022-12-27 08:02:41.151 ERROR 19312 --- [http-nio-8080-exec-1] com.springboot.user.dao.LoginDAOImpl     : Error 
Incorrect result size: expected 1, actual 0
2022-12-27 08:05:06.669  INFO 19312 --- [http-nio-8080-exec-5] c.s.user.controller.LoginControllerImpl  : LoginControllerImpl:updateUser update user
2022-12-27 08:05:06.670  INFO 19312 --- [http-nio-8080-exec-5] c.s.user.service.LoginServiceImpl        : LoginServiceImpl:updateUser : 
2022-12-27 08:05:06.670  INFO 19312 --- [http-nio-8080-exec-5] com.springboot.user.dao.LoginDAOImpl     : LoginDAOmpl:updateUser : 
2022-12-27 08:05:06.674 ERROR 19312 --- [http-nio-8080-exec-5] com.springboot.user.dao.LoginDAOImpl     : Error 
Incorrect result size: expected 1, actual 0
2022-12-27 08:09:25.413  INFO 19312 --- [RMI TCP Connection(13)-127.0.0.1] inMXBeanRegistrar$SpringApplicationAdmin : Application shutdown requested.
2022-12-27 08:09:25.458  INFO 19312 --- [RMI TCP Connection(13)-127.0.0.1] com.zaxxer.hikari.HikariDataSource       : HikariPool-1 - Shutdown initiated...
2022-12-27 08:09:25.475  INFO 19312 --- [RMI TCP Connection(13)-127.0.0.1] com.zaxxer.hikari.HikariDataSource       : HikariPool-1 - Shutdown completed.
2022-12-27 08:10:50.098  INFO 13388 --- [main] com.springboot.user.UserApplication      : Starting UserApplication using Java 19.0.1 on Farzana_Rahman with PID 13388 (E:\Courses\REST\user\target\classes started by farza in E:\Courses\REST\user)
2022-12-27 08:10:50.100  INFO 13388 --- [main] com.springboot.user.UserApplication      : No active profile set, falling back to 1 default profile: "default"
2022-12-27 08:10:50.775  INFO 13388 --- [main] .s.d.r.c.RepositoryConfigurationDelegate : Bootstrapping Spring Data JDBC repositories in DEFAULT mode.
2022-12-27 08:10:50.790  INFO 13388 --- [main] .s.d.r.c.RepositoryConfigurationDelegate : Finished Spring Data repository scanning in 9 ms. Found 0 JDBC repository interfaces.
2022-12-27 08:10:51.292  INFO 13388 --- [main] o.s.b.w.embedded.tomcat.TomcatWebServer  : Tomcat initialized with port(s): 8080 (http)
2022-12-27 08:10:51.303  INFO 13388 --- [main] o.apache.catalina.core.StandardService   : Starting service [Tomcat]
2022-12-27 08:10:51.303  INFO 13388 --- [main] org.apache.catalina.core.StandardEngine  : Starting Servlet engine: [Apache Tomcat/9.0.62]
2022-12-27 08:10:51.450  INFO 13388 --- [main] o.a.c.c.C.[Tomcat].[localhost].[/]       : Initializing Spring embedded WebApplicationContext
2022-12-27 08:10:51.451  INFO 13388 --- [main] w.s.c.ServletWebServerApplicationContext : Root WebApplicationContext: initialization completed in 1290 ms
2022-12-27 08:10:52.043  INFO 13388 --- [main] o.s.s.web.DefaultSecurityFilterChain     : Will secure any request with [org.springframework.security.web.context.request.async.WebAsyncManagerIntegrationFilter@935d3f9, org.springframework.security.web.context.SecurityContextPersistenceFilter@2e362407, org.springframework.security.web.header.HeaderWriterFilter@10e9a5fe, org.springframework.security.web.authentication.logout.LogoutFilter@4662752a, org.springframework.security.web.authentication.www.BasicAuthenticationFilter@54895681, org.springframework.security.web.savedrequest.RequestCacheAwareFilter@440ef8d, org.springframework.security.web.servletapi.SecurityContextHolderAwareRequestFilter@24e5389c, org.springframework.security.web.authentication.AnonymousAuthenticationFilter@214b342f, org.springframework.security.web.session.SessionManagementFilter@167a21b, org.springframework.security.web.access.ExceptionTranslationFilter@14457a95, org.springframework.security.web.access.intercept.FilterSecurityInterceptor@3cc3f13e]
2022-12-27 08:10:52.278  INFO 13388 --- [main] com.zaxxer.hikari.HikariDataSource       : HikariPool-1 - Starting...
2022-12-27 08:10:52.283  WARN 13388 --- [main] com.zaxxer.hikari.util.DriverDataSource  : Registered driver with driverClassName=com.mysql.jdbc.Driver was not found, trying direct instantiation.
2022-12-27 08:10:52.722  INFO 13388 --- [main] com.zaxxer.hikari.HikariDataSource       : HikariPool-1 - Start completed.
2022-12-27 08:10:52.845  INFO 13388 --- [main] o.s.b.w.embedded.tomcat.TomcatWebServer  : Tomcat started on port(s): 8080 (http) with context path ''
2022-12-27 08:10:52.848  INFO 13388 --- [main] d.s.w.p.DocumentationPluginsBootstrapper : Context refreshed
2022-12-27 08:10:52.873  INFO 13388 --- [main] d.s.w.p.DocumentationPluginsBootstrapper : Found 1 custom documentation plugin(s)
2022-12-27 08:10:52.884  INFO 13388 --- [main] s.d.s.w.s.ApiListingReferenceScanner     : Scanning for api listing references
2022-12-27 08:10:53.053  INFO 13388 --- [main] com.springboot.user.UserApplication      : Started UserApplication in 3.367 seconds (JVM running for 4.173)
2022-12-27 08:11:16.543  INFO 13388 --- [http-nio-8080-exec-3] o.a.c.c.C.[Tomcat].[localhost].[/]       : Initializing Spring DispatcherServlet 'dispatcherServlet'
2022-12-27 08:11:16.544  INFO 13388 --- [http-nio-8080-exec-3] o.s.web.servlet.DispatcherServlet        : Initializing Servlet 'dispatcherServlet'
2022-12-27 08:11:16.546  INFO 13388 --- [http-nio-8080-exec-3] o.s.web.servlet.DispatcherServlet        : Completed initialization in 2 ms
2022-12-27 08:11:17.351  INFO 13388 --- [http-nio-8080-exec-3] c.s.user.controller.LoginControllerImpl  : LoginControllerImpl:validateUser validate user
2022-12-27 08:11:17.352  INFO 13388 --- [http-nio-8080-exec-3] c.s.user.service.LoginServiceImpl        : LoginServiceImpl:validateUser : 
2022-12-27 08:11:17.368  INFO 13388 --- [http-nio-8080-exec-3] com.springboot.user.dao.LoginDAOImpl     : LoginDAOmpl:validateUser : 
2022-12-27 08:11:17.423 ERROR 13388 --- [http-nio-8080-exec-3] com.springboot.user.dao.LoginDAOImpl     : Error 
Incorrect result size: expected 1, actual 0
2022-12-27 08:13:16.095  INFO 13388 --- [http-nio-8080-exec-5] c.s.user.controller.LoginControllerImpl  : LoginControllerImpl:validateUser validate user
2022-12-27 08:13:16.095  INFO 13388 --- [http-nio-8080-exec-5] c.s.user.service.LoginServiceImpl        : LoginServiceImpl:validateUser : 
2022-12-27 08:13:16.095  INFO 13388 --- [http-nio-8080-exec-5] com.springboot.user.dao.LoginDAOImpl     : LoginDAOmpl:validateUser : 
2022-12-27 08:15:09.555  INFO 13388 --- [RMI TCP Connection(8)-127.0.0.1] inMXBeanRegistrar$SpringApplicationAdmin : Application shutdown requested.
2022-12-27 08:15:09.577  INFO 13388 --- [RMI TCP Connection(8)-127.0.0.1] com.zaxxer.hikari.HikariDataSource       : HikariPool-1 - Shutdown initiated...
2022-12-27 08:15:09.586  INFO 13388 --- [RMI TCP Connection(8)-127.0.0.1] com.zaxxer.hikari.HikariDataSource       : HikariPool-1 - Shutdown completed.
